Arguments: 
  /Users/efe/.nvm/versions/node/v16.13.0/bin/node /Users/efe/.nvm/versions/node/v16.13.0/bin/yarn init

PATH: 
  /opt/homebrew/bin:/Users/efe/.nvm/versions/node/v16.13.0/bin:/Users/efe/.yarn/bin:/Users/efe/.config/yarn/global/node_modules/.bin:/usr/local/bin:/usr/bin:/bin:/usr/sbin:/sbin:/Users/efe/.fig/bin:/Users/efe/.local/bin

Yarn version: 
  1.22.19

Node version: 
  16.13.0

Platform: 
  darwin arm64

Trace: 
  Error: canceled
      at Interface.<anonymous> (/Users/efe/.nvm/versions/node/v16.13.0/lib/node_modules/yarn/lib/cli.js:137150:13)
      at Interface.emit (node:events:390:28)
      at Interface._ttyWrite (node:readline:1081:16)
      at ReadStream.onkeypress (node:readline:288:10)
      at ReadStream.emit (node:events:390:28)
      at emitKeys (node:internal/readline/utils:358:14)
      at emitKeys.next (<anonymous>)
      at ReadStream.onData (node:internal/readline/emitKeypressEvents:61:36)
      at ReadStream.emit (node:events:390:28)
      at addChunk (node:internal/streams/readable:315:12)

npm manifest: 
  No manifest

yarn manifest: 
  No manifest

Lockfile: 
  No lockfile
